<?xml version="1.0" encoding="UTF-8"?>
<!-- Generated by org.testng.reporters.JUnitReportReporter -->
<testsuite skipped="0" hostname="sachin4597-01" name="com.nag.nagp.testcases.Test_Redbus_BusTicket_BookingPage" tests="4" failures="0" timestamp="04 Aug 2019 09:43:04 GMT" time="24.676" errors="0">
  <testcase name="Test_Validate_BusesSameSourceDestination" time="8.354" classname="com.nag.nagp.testcases.Test_Redbus_BusTicket_BookingPage"/>
  <testcase name="Test_Validate_BusTicket_Fields" time="4.701" classname="com.nag.nagp.testcases.Test_Redbus_BusTicket_BookingPage"/>
  <testcase name="Test_Validate_BusTicket_Fields" time="4.191" classname="com.nag.nagp.testcases.Test_Redbus_BusTicket_BookingPage"/>
  <testcase name="Test_Validate_BusesSameSourceDestination" time="7.430" classname="com.nag.nagp.testcases.Test_Redbus_BusTicket_BookingPage"/>
</testsuite> <!-- com.nag.nagp.testcases.Test_Redbus_BusTicket_BookingPage -->
