<?xml version="1.0" encoding="UTF-8"?>
<!-- Generated by org.testng.reporters.JUnitReportReporter -->
<testsuite skipped="0" hostname="sachin4597-01" name="com.nag.nagp.testcases.Test_Redbus_BusTicket_BookingPage" tests="4" failures="0" timestamp="04 Aug 2019 10:27:53 GMT" time="23.261" errors="0">
  <testcase name="Test_Validate_BusesSameSourceDestination" time="9.407" classname="com.nag.nagp.testcases.Test_Redbus_BusTicket_BookingPage"/>
  <testcase name="Test_Validate_BusTicket_Fields" time="1.537" classname="com.nag.nagp.testcases.Test_Redbus_BusTicket_BookingPage"/>
  <testcase name="Test_Validate_BusesSameSourceDestination" time="7.860" classname="com.nag.nagp.testcases.Test_Redbus_BusTicket_BookingPage"/>
  <testcase name="Test_Validate_BusTicket_Fields" time="4.457" classname="com.nag.nagp.testcases.Test_Redbus_BusTicket_BookingPage"/>
</testsuite> <!-- com.nag.nagp.testcases.Test_Redbus_BusTicket_BookingPage -->
